

 >>>  Starting new game <<< 


go null
go west
go null
go north
go east


 >>>  Starting new game <<< 


go null
go west
go north
go east


 >>>  Starting new game <<< 


go null
go west
go north
go east


 >>>  Starting new game <<< 


go null
go west
go north
go east


 >>>  Starting new game <<< 


go null
go west
go north
go east
go null
go west
go east


 >>>  Starting new game <<< 


go null


 >>>  Starting new game <<< 


go null
go west
go north
go east


 >>>  Starting new game <<< 


go null
go west
go null
go north
go null
go east


 >>>  Starting new game <<< 




 >>>  Starting new game <<< 




 >>>  Starting new game <<< 


go null


 >>>  Starting new game <<< 


go null
go west
go north
go east


 >>>  Starting new game <<< 


go null
go west
go null
go null


 >>>  Starting new game <<< 


go null
go west
go null
go null


 >>>  Starting new game <<< 


go null
go west
go null


 >>>  Starting new game <<< 


go null
go west
go null
go north
go east
go null
